PHP Fatal error:  Uncaught Error: Error: [serverroot] must contain runner.php in /home/sites/base5/wawas/include/server/ConfigBuilder.lib:185
Stack trace:
#0 /home/sites/base5/wawas/include/server/ConfigBuilder.lib(149): server\ConfigBuilder->parseLevel('serverroot', Array, Object(SimpleXMLElement))
#1 /home/sites/base5/wawas/include/server/ConfigBuilder.lib(166): server\ConfigBuilder->parse(Array, Object(SimpleXMLElement))
#2 /home/sites/base5/wawas/include/server/ConfigBuilder.lib(149): server\ConfigBuilder->parseLevel('server', Array, Object(SimpleXMLElement))
#3 /home/sites/base5/wawas/include/server/ConfigBuilder.lib(67): server\ConfigBuilder->parse(Array, Object(SimpleXMLElement))
#4 /home/sites/base5/wawas/include/server/ConfigBuilder.lib(20): server\ConfigBuilder->loadConfig('conf/server.con...')
#5 /home/sites/base5/wawas/include/server/Runner.lib(93): server\ConfigBuilder->__construct('conf/server.con...')
#6 /home/sites/base5/wawas/include/runner.php(87): server\Runner->run()
#7 {main}
  thrown in /home/sites/base5/wawas/include/server/ConfigBuilder.lib on line 185

Fatal error: Uncaught Error: Error: [serverroot] must contain runner.php in /home/sites/base5/wawas/include/server/ConfigBuilder.lib:185
Stack trace:
#0 /home/sites/base5/wawas/include/server/ConfigBuilder.lib(149): server\ConfigBuilder->parseLevel('serverroot', Array, Object(SimpleXMLElement))
#1 /home/sites/base5/wawas/include/server/ConfigBuilder.lib(166): server\ConfigBuilder->parse(Array, Object(SimpleXMLElement))
#2 /home/sites/base5/wawas/include/server/ConfigBuilder.lib(149): server\ConfigBuilder->parseLevel('server', Array, Object(SimpleXMLElement))
#3 /home/sites/base5/wawas/include/server/ConfigBuilder.lib(67): server\ConfigBuilder->parse(Array, Object(SimpleXMLElement))
#4 /home/sites/base5/wawas/include/server/ConfigBuilder.lib(20): server\ConfigBuilder->loadConfig('conf/server.con...')
#5 /home/sites/base5/wawas/include/server/Runner.lib(93): server\ConfigBuilder->__construct('conf/server.con...')
#6 /home/sites/base5/wawas/include/runner.php(87): server\Runner->run()
#7 {main}
  thrown in /home/sites/base5/wawas/include/server/ConfigBuilder.lib on line 185
Crash
PHP Fatal error:  Uncaught Error: Error: [serverroot] must contain runner.php in /home/sites/base5/wawas/include/server/ConfigBuilder.lib:185
Stack trace:
#0 /home/sites/base5/wawas/include/server/ConfigBuilder.lib(149): server\ConfigBuilder->parseLevel('serverroot', Array, Object(SimpleXMLElement))
#1 /home/sites/base5/wawas/include/server/ConfigBuilder.lib(166): server\ConfigBuilder->parse(Array, Object(SimpleXMLElement))
#2 /home/sites/base5/wawas/include/server/ConfigBuilder.lib(149): server\ConfigBuilder->parseLevel('server', Array, Object(SimpleXMLElement))
#3 /home/sites/base5/wawas/include/server/ConfigBuilder.lib(67): server\ConfigBuilder->parse(Array, Object(SimpleXMLElement))
#4 /home/sites/base5/wawas/include/server/ConfigBuilder.lib(20): server\ConfigBuilder->loadConfig('conf/server.con...')
#5 /home/sites/base5/wawas/include/server/Runner.lib(93): server\ConfigBuilder->__construct('conf/server.con...')
#6 /home/sites/base5/wawas/include/runner.php(87): server\Runner->run()
#7 {main}
  thrown in /home/sites/base5/wawas/include/server/ConfigBuilder.lib on line 185

Fatal error: Uncaught Error: Error: [serverroot] must contain runner.php in /home/sites/base5/wawas/include/server/ConfigBuilder.lib:185
Stack trace:
#0 /home/sites/base5/wawas/include/server/ConfigBuilder.lib(149): server\ConfigBuilder->parseLevel('serverroot', Array, Object(SimpleXMLElement))
#1 /home/sites/base5/wawas/include/server/ConfigBuilder.lib(166): server\ConfigBuilder->parse(Array, Object(SimpleXMLElement))
#2 /home/sites/base5/wawas/include/server/ConfigBuilder.lib(149): server\ConfigBuilder->parseLevel('server', Array, Object(SimpleXMLElement))
#3 /home/sites/base5/wawas/include/server/ConfigBuilder.lib(67): server\ConfigBuilder->parse(Array, Object(SimpleXMLElement))
#4 /home/sites/base5/wawas/include/server/ConfigBuilder.lib(20): server\ConfigBuilder->loadConfig('conf/server.con...')
#5 /home/sites/base5/wawas/include/server/Runner.lib(93): server\ConfigBuilder->__construct('conf/server.con...')
#6 /home/sites/base5/wawas/include/runner.php(87): server\Runner->run()
#7 {main}
  thrown in /home/sites/base5/wawas/include/server/ConfigBuilder.lib on line 185
Crash
PHP Fatal error:  Uncaught Error: Error: [serverroot] must contain runner.php in /home/sites/base5/wawas/include/server/ConfigBuilder.lib:185
Stack trace:
#0 /home/sites/base5/wawas/include/server/ConfigBuilder.lib(149): server\ConfigBuilder->parseLevel('serverroot', Array, Object(SimpleXMLElement))
#1 /home/sites/base5/wawas/include/server/ConfigBuilder.lib(166): server\ConfigBuilder->parse(Array, Object(SimpleXMLElement))
#2 /home/sites/base5/wawas/include/server/ConfigBuilder.lib(149): server\ConfigBuilder->parseLevel('server', Array, Object(SimpleXMLElement))
#3 /home/sites/base5/wawas/include/server/ConfigBuilder.lib(67): server\ConfigBuilder->parse(Array, Object(SimpleXMLElement))
#4 /home/sites/base5/wawas/include/server/ConfigBuilder.lib(20): server\ConfigBuilder->loadConfig('conf/server.con...')
#5 /home/sites/base5/wawas/include/server/Runner.lib(93): server\ConfigBuilder->__construct('conf/server.con...')
#6 /home/sites/base5/wawas/include/runner.php(87): server\Runner->run()
#7 {main}
  thrown in /home/sites/base5/wawas/include/server/ConfigBuilder.lib on line 185

Fatal error: Uncaught Error: Error: [serverroot] must contain runner.php in /home/sites/base5/wawas/include/server/ConfigBuilder.lib:185
Stack trace:
#0 /home/sites/base5/wawas/include/server/ConfigBuilder.lib(149): server\ConfigBuilder->parseLevel('serverroot', Array, Object(SimpleXMLElement))
#1 /home/sites/base5/wawas/include/server/ConfigBuilder.lib(166): server\ConfigBuilder->parse(Array, Object(SimpleXMLElement))
#2 /home/sites/base5/wawas/include/server/ConfigBuilder.lib(149): server\ConfigBuilder->parseLevel('server', Array, Object(SimpleXMLElement))
#3 /home/sites/base5/wawas/include/server/ConfigBuilder.lib(67): server\ConfigBuilder->parse(Array, Object(SimpleXMLElement))
#4 /home/sites/base5/wawas/include/server/ConfigBuilder.lib(20): server\ConfigBuilder->loadConfig('conf/server.con...')
#5 /home/sites/base5/wawas/include/server/Runner.lib(93): server\ConfigBuilder->__construct('conf/server.con...')
#6 /home/sites/base5/wawas/include/runner.php(87): server\Runner->run()
#7 {main}
  thrown in /home/sites/base5/wawas/include/server/ConfigBuilder.lib on line 185
Crash
SIGTERM.
Crash
WAWAS Daemon running in background, PID = 24231
Crash
PHP Notice:  Undefined variable: b in /home/sites/base5/wawas/include/xamboo/PHPExec.lib(80) : eval()'d code on line 4
PHP Notice:  Undefined variable: b in /home/sites/base5/wawas/include/xamboo/PHPExec.lib(80) : eval()'d code on line 4
SIGTERM.
SIGTERM.
Forzamos la parada de la aplicación.
Crash
WAWAS Daemon running in background, PID = 25028
Crash ?
SIGTERM.
Crash ?
WAWAS Daemon running in background, PID = 25348
Crash ?
SIGTERM.
SIGTERM.
Forzamos la parada de la aplicación.
Crash ?
WAWAS Daemon running in background, PID = 27422
Crash ?
SIGTERM.
SIGTERM.
Forzamos la parada de la aplicación.
Crash ?
